TN:
SF:client\src\components\Button.jsx
FN:4,(anonymous_0)
FNF:1
FNH:1
FNDA:12,(anonymous_0)
DA:4,1
DA:13,12
DA:15,12
DA:21,12
DA:27,12
DA:35,12
DA:47,1
LF:7
LH:7
BRDA:6,0,0,9
BRDA:7,1,0,9
BRDA:8,2,0,10
BRDA:10,3,0,11
BRDA:29,4,0,12
BRDA:29,4,1,0
BRDA:30,5,0,12
BRDA:30,5,1,0
BRDA:31,6,0,2
BRDA:31,6,1,10
BRDA:39,7,0,2
BRDA:39,7,1,10
BRF:12
BRH:10
end_of_record
TN:
SF:client\src\components\ErrorBoundary.jsx
FN:5,(anonymous_0)
FN:10,(anonymous_1)
FN:15,(anonymous_2)
FN:28,(anonymous_3)
FN:44,(anonymous_4)
FNF:5
FNH:5
FNDA:11,(anonymous_0)
FNDA:12,(anonymous_1)
FNDA:6,(anonymous_2)
FNDA:32,(anonymous_3)
FNDA:1,(anonymous_4)
DA:6,11
DA:7,11
DA:12,12
DA:17,6
DA:19,6
DA:29,32
DA:31,19
DA:44,1
DA:53,13
DA:57,1
LF:10
LH:10
BRDA:29,0,0,19
BRDA:29,0,1,13
BRDA:35,1,0,19
BRDA:35,1,1,3
BRDA:38,2,0,3
BRDA:38,2,1,1
BRDA:40,3,0,3
BRDA:40,3,1,1
BRF:8
BRH:8
end_of_record
TN:
SF:server\src\models\Post.js
FN:43,(anonymous_0)
FN:49,(anonymous_1)
FNF:2
FNH:2
FNDA:4,(anonymous_0)
FNDA:4,(anonymous_1)
DA:1,1
DA:3,1
DA:43,1
DA:44,4
DA:45,4
DA:49,1
DA:50,4
DA:51,3
DA:53,4
DA:56,1
LF:10
LH:10
BRDA:50,0,0,3
BRDA:50,0,1,1
BRF:2
BRH:2
end_of_record
TN:
SF:server\src\models\User.js
FN:54,(anonymous_0)
FN:67,(anonymous_1)
FN:73,(anonymous_2)
FN:78,(anonymous_3)
FNF:4
FNH:4
FNDA:6,(anonymous_0)
FNDA:6,(anonymous_1)
FNDA:2,(anonymous_2)
FNDA:1,(anonymous_3)
DA:1,2
DA:2,2
DA:4,2
DA:54,2
DA:55,6
DA:57,6
DA:58,6
DA:59,6
DA:60,6
DA:62,0
DA:67,2
DA:68,6
DA:69,6
DA:73,2
DA:74,2
DA:78,2
DA:79,1
DA:80,1
DA:81,1
DA:84,2
LF:20
LH:19
BRDA:55,0,0,0
BRDA:55,0,1,6
BRF:2
BRH:1
end_of_record
TN:
SF:server\src\utils\auth.js
FN:8,(anonymous_0)
FN:22,(anonymous_1)
FN:31,(anonymous_2)
FN:54,(anonymous_3)
FN:55,(anonymous_4)
FNF:5
FNH:3
FNDA:5,(anonymous_0)
FNDA:6,(anonymous_1)
FNDA:4,(anonymous_2)
FNDA:0,(anonymous_3)
FNDA:0,(anonymous_4)
DA:1,1
DA:2,1
DA:4,1
DA:5,1
DA:8,1
DA:9,5
DA:22,1
DA:23,6
DA:24,6
DA:26,3
DA:31,1
DA:32,4
DA:33,4
DA:35,4
DA:36,1
DA:39,3
DA:40,2
DA:42,2
DA:43,1
DA:46,1
DA:47,1
DA:49,1
DA:54,1
DA:55,0
DA:56,0
DA:57,0
DA:60,0
DA:61,0
DA:64,0
DA:68,1
LF:30
LH:24
BRDA:4,0,0,1
BRDA:4,0,1,0
BRDA:5,1,0,1
BRDA:5,1,1,1
BRDA:35,2,0,1
BRDA:35,2,1,3
BRDA:42,3,0,1
BRDA:42,3,1,1
BRDA:42,4,0,2
BRDA:42,4,1,2
BRDA:56,5,0,0
BRDA:56,5,1,0
BRDA:60,6,0,0
BRDA:60,6,1,0
BRF:14
BRH:9
end_of_record
